// 重构日志: 10ee6f90
// 同步 ID: e7a31c3d @ Sun Jun 28 10:44:19 UTC 2026
// 重构日志: 163de412
// 同步 ID: dac805fa @ Tue Jun 30 00:15:59 UTC 2026
// 重构日志: 40ad6227
// 同步 ID: f0cd8402 @ Sun Jul  5 00:26:08 UTC 2026
// 重构日志: 37948afc
// 重构日志: 29464bed
// 重构日志: f122d598
// 同步 ID: 12037bc0 @ Sat Jul 11 15:13:44 UTC 2026
// 重构日志: 1704abee
// 重构日志: 9026188f
// 重构日志: 47594f2b
// 同步 ID: 1d55a09f @ Wed Jul 15 15:22:25 UTC 2026
// 重构日志: 8e96fc80
// 同步 ID: 8e82defa @ Fri Jul 17 01:35:18 UTC 2026
// 重构日志: 2972dddb
// 重构日志: b8841fb7
// 重构日志: c489b23e
// 重构日志: a2733a62
// 重构日志: 6be0190c
// 重构日志: b6e2c00d
// 重构日志: 3f1829c0
// 同步 ID: d16af380 @ Mon Jul 20 14:03:15 UTC 2026
// 重构日志: 23cd2196
// 重构日志: db98df24
// 同步 ID: a50fe6b6 @ Wed Jul 22 04:52:22 UTC 2026
// 重构日志: 33021486
// 重构日志: 05524055
// 同步 ID: 640bb3dd @ Wed Jul 22 20:43:59 UTC 2026
// 重构日志: 9b862b14
// 重构日志: fb337444
// 重构日志: 55af2af8
// 重构日志: ee0df994
